0 info it worked if it ends with ok
1 verbose cli [ '/usr/bin/node', '/usr/bin/npm', 'run', 'lint' ]
2 info using npm@3.5.2
3 info using node@v8.10.0
4 verbose run-script [ 'prelint', 'lint', 'postlint' ]
5 info lifecycle javascript-challenge-1@1.0.0~prelint: javascript-challenge-1@1.0.0
6 silly lifecycle javascript-challenge-1@1.0.0~prelint: no script for prelint, continuing
7 info lifecycle javascript-challenge-1@1.0.0~lint: javascript-challenge-1@1.0.0
8 verbose lifecycle javascript-challenge-1@1.0.0~lint: unsafe-perm in lifecycle true
9 verbose lifecycle javascript-challenge-1@1.0.0~lint: PATH: /usr/share/npm/bin/node-gyp-bin:/home/savych/Desktop/Projects/javascript-challenge-1-JuliaSavych/node_modules/.bin:/home/savych/Desktop/Projects/javascript-challenge-1-JuliaSavych/node_modules/.bin:/home/savych/Desktop/Projects/node_modules/.bin:/home/savych/Desktop/node_modules/.bin:/home/savych/node_modules/.bin:/home/node_modules/.bin:/node_modules/.bin:/usr/bin:/usr/lib/git-core:/usr/local/sbin:/usr/local/bin:/usr/sbin:/usr/bin:/sbin:/bin:/usr/games:/usr/local/games:/snap/bin:/usr/lib/jvm/java-8-oracle/bin:/usr/lib/jvm/java-8-oracle/db/bin:/usr/lib/jvm/java-8-oracle/jre/bin
10 verbose lifecycle javascript-challenge-1@1.0.0~lint: CWD: /home/savych/Desktop/Projects/javascript-challenge-1-JuliaSavych
11 silly lifecycle javascript-challenge-1@1.0.0~lint: Args: [ '-c', 'eslint ./src' ]
12 silly lifecycle javascript-challenge-1@1.0.0~lint: Returned: code: 1  signal: null
13 info lifecycle javascript-challenge-1@1.0.0~lint: Failed to exec lint script
14 verbose stack Error: javascript-challenge-1@1.0.0 lint: `eslint ./src`
14 verbose stack Exit status 1
14 verbose stack     at EventEmitter.<anonymous> (/usr/share/npm/lib/utils/lifecycle.js:232:16)
14 verbose stack     at emitTwo (events.js:126:13)
14 verbose stack     at EventEmitter.emit (events.js:214:7)
14 verbose stack     at ChildProcess.<anonymous> (/usr/share/npm/lib/utils/spawn.js:24:14)
14 verbose stack     at emitTwo (events.js:126:13)
14 verbose stack     at ChildProcess.emit (events.js:214:7)
14 verbose stack     at maybeClose (internal/child_process.js:925:16)
14 verbose stack     at Process.ChildProcess._handle.onexit (internal/child_process.js:209:5)
15 verbose pkgid javascript-challenge-1@1.0.0
16 verbose cwd /home/savych/Desktop/Projects/javascript-challenge-1-JuliaSavych
17 error Linux 4.15.0-36-generic
18 error argv "/usr/bin/node" "/usr/bin/npm" "run" "lint"
19 error node v8.10.0
20 error npm  v3.5.2
21 error code ELIFECYCLE
22 error javascript-challenge-1@1.0.0 lint: `eslint ./src`
22 error Exit status 1
23 error Failed at the javascript-challenge-1@1.0.0 lint script 'eslint ./src'.
23 error Make sure you have the latest version of node.js and npm installed.
23 error If you do, this is most likely a problem with the javascript-challenge-1 package,
23 error not with npm itself.
23 error Tell the author that this fails on your system:
23 error     eslint ./src
23 error You can get information on how to open an issue for this project with:
23 error     npm bugs javascript-challenge-1
23 error Or if that isn't available, you can get their info via:
23 error     npm owner ls javascript-challenge-1
23 error There is likely additional logging output above.
24 verbose exit [ 1, true ]
